This is pdfTeX, Version 3.14159265-2.6-1.40.21 (MiKTeX 2.9.7300 64-bit) (preloaded format=pdflatex 2020.2.28)  21 APR 2021 17:34
entering extended mode
**./template-SS21.tex
(template-SS21.tex
LaTeX2e <2020-02-02> patch level 4
L3 programming layer <2020-02-25>
("C:\Users\Marc\AppData\Local\Programs\MiKTeX 2.9\tex/latex/base\article.cls"
Document Class: article 2019/12/20 v1.4l Standard LaTeX document class
("C:\Users\Marc\AppData\Local\Programs\MiKTeX 2.9\tex/latex/base\size11.clo"
File: size11.clo 2019/12/20 v1.4l Standard LaTeX file (size option)
)
\c@part=\count167
\c@section=\count168
\c@subsection=\count169
\c@subsubsection=\count170
\c@paragraph=\count171
\c@subparagraph=\count172
\c@figure=\count173
\c@table=\count174
\abovecaptionskip=\skip47
\belowcaptionskip=\skip48
\bibindent=\dimen134
)
("C:\Users\Marc\AppData\Local\Programs\MiKTeX 2.9\tex/latex/geometry\geometry.s
ty"
Package: geometry 2020/01/02 v5.9 Page Geometry

("C:\Users\Marc\AppData\Local\Programs\MiKTeX 2.9\tex/latex/graphics\keyval.sty
"
Package: keyval 2014/10/28 v1.15 key=value parser (DPC)
\KV@toks@=\toks14
)
("C:\Users\Marc\AppData\Local\Programs\MiKTeX 2.9\tex/generic/iftex\ifvtex.sty"
Package: ifvtex 2019/10/25 v1.7 ifvtex legacy package. Use iftex instead.
("C:\Users\Marc\AppData\Local\Programs\MiKTeX 2.9\tex/generic/iftex\iftex.sty"
Package: iftex 2019/11/07 v1.0c TeX engine tests
))
\Gm@cnth=\count175
\Gm@cntv=\count176
\c@Gm@tempcnt=\count177
\Gm@bindingoffset=\dimen135
\Gm@wd@mp=\dimen136
\Gm@odd@mp=\dimen137
\Gm@even@mp=\dimen138
\Gm@layoutwidth=\dimen139
\Gm@layoutheight=\dimen140
\Gm@layouthoffset=\dimen141
\Gm@layoutvoffset=\dimen142
\Gm@dimlist=\toks15

("C:\Users\Marc\AppData\Local\Programs\MiKTeX 2.9\tex/latex/geometry\geometry.c
fg"))
("C:\Users\Marc\AppData\Local\Programs\MiKTeX 2.9\tex/latex/base\fontenc.sty"
Package: fontenc 2020/02/11 v2.0o Standard LaTeX package
)
("C:\Users\Marc\AppData\Local\Programs\MiKTeX 2.9\tex/latex/lm\lmodern.sty"
Package: lmodern 2009/10/30 v1.6 Latin Modern Fonts
LaTeX Font Info:    Overwriting symbol font `operators' in version `normal'
(Font)                  OT1/cmr/m/n --> OT1/lmr/m/n on input line 22.
LaTeX Font Info:    Overwriting symbol font `letters' in version `normal'
(Font)                  OML/cmm/m/it --> OML/lmm/m/it on input line 23.
LaTeX Font Info:    Overwriting symbol font `symbols' in version `normal'
(Font)                  OMS/cmsy/m/n --> OMS/lmsy/m/n on input line 24.
LaTeX Font Info:    Overwriting symbol font `largesymbols' in version `normal'
(Font)                  OMX/cmex/m/n --> OMX/lmex/m/n on input line 25.
LaTeX Font Info:    Overwriting symbol font `operators' in version `bold'
(Font)                  OT1/cmr/bx/n --> OT1/lmr/bx/n on input line 26.
LaTeX Font Info:    Overwriting symbol font `letters' in version `bold'
(Font)                  OML/cmm/b/it --> OML/lmm/b/it on input line 27.
LaTeX Font Info:    Overwriting symbol font `symbols' in version `bold'
(Font)                  OMS/cmsy/b/n --> OMS/lmsy/b/n on input line 28.
LaTeX Font Info:    Overwriting symbol font `largesymbols' in version `bold'
(Font)                  OMX/cmex/m/n --> OMX/lmex/m/n on input line 29.
LaTeX Font Info:    Overwriting math alphabet `\mathbf' in version `normal'
(Font)                  OT1/cmr/bx/n --> OT1/lmr/bx/n on input line 31.
LaTeX Font Info:    Overwriting math alphabet `\mathsf' in version `normal'
(Font)                  OT1/cmss/m/n --> OT1/lmss/m/n on input line 32.
LaTeX Font Info:    Overwriting math alphabet `\mathit' in version `normal'
(Font)                  OT1/cmr/m/it --> OT1/lmr/m/it on input line 33.
LaTeX Font Info:    Overwriting math alphabet `\mathtt' in version `normal'
(Font)                  OT1/cmtt/m/n --> OT1/lmtt/m/n on input line 34.
LaTeX Font Info:    Overwriting math alphabet `\mathbf' in version `bold'
(Font)                  OT1/cmr/bx/n --> OT1/lmr/bx/n on input line 35.
LaTeX Font Info:    Overwriting math alphabet `\mathsf' in version `bold'
(Font)                  OT1/cmss/bx/n --> OT1/lmss/bx/n on input line 36.
LaTeX Font Info:    Overwriting math alphabet `\mathit' in version `bold'
(Font)                  OT1/cmr/bx/it --> OT1/lmr/bx/it on input line 37.
LaTeX Font Info:    Overwriting math alphabet `\mathtt' in version `bold'
(Font)                  OT1/cmtt/m/n --> OT1/lmtt/m/n on input line 38.
)
("C:\Users\Marc\AppData\Local\Programs\MiKTeX 2.9\tex/latex/base\inputenc.sty"
Package: inputenc 2018/08/11 v1.3c Input encoding file
\inpenc@prehook=\toks16
\inpenc@posthook=\toks17
) ("C:\Users\Marc\AppData\Local\Programs\MiKTeX 2.9\tex/generic/babel\babel.sty
"
Package: babel 2020/02/14 3.40 The Babel package
("C:\Users\Marc\AppData\Local\Programs\MiKTeX 2.9\tex/generic/babel\switch.def"
File: switch.def 2020/02/14 3.40 Babel switching mechanism
)
*************************************
* Local config file bblopts.cfg used
*
("C:\Users\Marc\AppData\Local\Programs\MiKTeX 2.9\tex/latex/arabi\bblopts.cfg"
File: bblopts.cfg 2005/09/08 v0.1 add Arabic and Farsi to "declared" options of
 babel
)
("C:\Users\Marc\AppData\Local\Programs\MiKTeX 2.9\tex/latex/babel-english\engli
sh.ldf"
Language: english 2017/06/06 v3.3r English support from the babel system

("C:\Users\Marc\AppData\Local\Programs\MiKTeX 2.9\tex/generic/babel\babel.def"
File: babel.def 2020/02/14 3.40 Babel common definitions
\babel@savecnt=\count178
\U@D=\dimen143

("C:\Users\Marc\AppData\Local\Programs\MiKTeX 2.9\tex/generic/babel\txtbabel.de
f")
\bbl@readstream=\read2
\bbl@dirlevel=\count179
)
Package babel Info: \l@canadian = using hyphenrules for english
(babel)             (\language0) on input line 102.
Package babel Info: \l@australian = using hyphenrules for ukenglish
(babel)             (\language72) on input line 105.
Package babel Info: \l@newzealand = using hyphenrules for ukenglish
(babel)             (\language72) on input line 108.
)
("C:\Users\Marc\AppData\Local\Programs\MiKTeX 2.9\tex/latex/babel-german\ngerma
n.ldf"
Language: ngerman 2020/07/21 v2.12 German support for babel (post-1996 orthogra
phy)

("C:\Users\Marc\AppData\Local\Programs\MiKTeX 2.9\tex/latex/babel-german\ngerma
nb.ldf"
Language: ngermanb 2020/07/21 v2.12 German support for babel (post-1996 orthogr
aphy)
Package babel Info: Making " an active character on input line 121.
)))
("C:\Users\Marc\AppData\Local\Programs\MiKTeX 2.9\tex/latex/amsmath\amsmath.sty
"
Package: amsmath 2020/01/20 v2.17e AMS math features
\@mathmargin=\skip49

For additional information on amsmath, use the `?' option.
("C:\Users\Marc\AppData\Local\Programs\MiKTeX 2.9\tex/latex/amsmath\amstext.sty
"
Package: amstext 2000/06/29 v2.01 AMS text
 ("C:\Users\Marc\AppData\Local\Programs\MiKTeX 2.9\tex/latex/amsmath\amsgen.sty
"
File: amsgen.sty 1999/11/30 v2.0 generic functions
\@emptytoks=\toks18
\ex@=\dimen144
))
("C:\Users\Marc\AppData\Local\Programs\MiKTeX 2.9\tex/latex/amsmath\amsbsy.sty"
Package: amsbsy 1999/11/29 v1.2d Bold Symbols
\pmbraise@=\dimen145
) ("C:\Users\Marc\AppData\Local\Programs\MiKTeX 2.9\tex/latex/amsmath\amsopn.st
y"
Package: amsopn 2016/03/08 v2.02 operator names
)
\inf@bad=\count180
LaTeX Info: Redefining \frac on input line 227.
\uproot@=\count181
\leftroot@=\count182
LaTeX Info: Redefining \overline on input line 389.
\classnum@=\count183
\DOTSCASE@=\count184
LaTeX Info: Redefining \ldots on input line 486.
LaTeX Info: Redefining \dots on input line 489.
LaTeX Info: Redefining \cdots on input line 610.
\Mathstrutbox@=\box45
\strutbox@=\box46
\big@size=\dimen146
LaTeX Font Info:    Redeclaring font encoding OML on input line 733.
LaTeX Font Info:    Redeclaring font encoding OMS on input line 734.
\macc@depth=\count185
\c@MaxMatrixCols=\count186
\dotsspace@=\muskip16
\c@parentequation=\count187
\dspbrk@lvl=\count188
\tag@help=\toks19
\row@=\count189
\column@=\count190
\maxfields@=\count191
\andhelp@=\toks20
\eqnshift@=\dimen147
\alignsep@=\dimen148
\tagshift@=\dimen149
\tagwidth@=\dimen150
\totwidth@=\dimen151
\lineht@=\dimen152
\@envbody=\toks21
\multlinegap=\skip50
\multlinetaggap=\skip51
\mathdisplay@stack=\toks22
LaTeX Info: Redefining \[ on input line 2859.
LaTeX Info: Redefining \] on input line 2860.
)
("C:\Users\Marc\AppData\Local\Programs\MiKTeX 2.9\tex/latex/mathtools\mathtools
.sty"
Package: mathtools 2020/03/24 v1.24 mathematical typesetting tools
 ("C:\Users\Marc\AppData\Local\Programs\MiKTeX 2.9\tex/latex/tools\calc.sty"
Package: calc 2017/05/25 v4.3 Infix arithmetic (KKT,FJ)
\calc@Acount=\count192
\calc@Bcount=\count193
\calc@Adimen=\dimen153
\calc@Bdimen=\dimen154
\calc@Askip=\skip52
\calc@Bskip=\skip53
LaTeX Info: Redefining \setlength on input line 80.
LaTeX Info: Redefining \addtolength on input line 81.
\calc@Ccount=\count194
\calc@Cskip=\skip54
)
("C:\Users\Marc\AppData\Local\Programs\MiKTeX 2.9\tex/latex/mathtools\mhsetup.s
ty"
Package: mhsetup 2017/03/31 v1.3 programming setup (MH)
)
LaTeX Info: Thecontrolsequence`\('isalreadyrobust on input line 130.
LaTeX Info: Thecontrolsequence`\)'isalreadyrobust on input line 130.
LaTeX Info: Thecontrolsequence`\['isalreadyrobust on input line 130.
LaTeX Info: Thecontrolsequence`\]'isalreadyrobust on input line 130.
\g_MT_multlinerow_int=\count195
\l_MT_multwidth_dim=\dimen155
\origjot=\skip55
\l_MT_shortvdotswithinadjustabove_dim=\dimen156
\l_MT_shortvdotswithinadjustbelow_dim=\dimen157
\l_MT_above_intertext_sep=\dimen158
\l_MT_below_intertext_sep=\dimen159
\l_MT_above_shortintertext_sep=\dimen160
\l_MT_below_shortintertext_sep=\dimen161
\xmathstrut@box=\box47
\xmathstrut@dim=\dimen162
)
("C:\Users\Marc\AppData\Local\Programs\MiKTeX 2.9\tex/latex/amsfonts\amssymb.st
y"
Package: amssymb 2013/01/14 v3.01 AMS font symbols

("C:\Users\Marc\AppData\Local\Programs\MiKTeX 2.9\tex/latex/amsfonts\amsfonts.s
ty"
Package: amsfonts 2013/01/14 v3.01 Basic AMSFonts support
\symAMSa=\mathgroup4
\symAMSb=\mathgroup5
LaTeX Font Info:    Redeclaring math symbol \hbar on input line 98.
LaTeX Font Info:    Overwriting math alphabet `\mathfrak' in version `bold'
(Font)                  U/euf/m/n --> U/euf/b/n on input line 106.
))
("C:\Users\Marc\AppData\Local\Programs\MiKTeX 2.9\tex/latex/microtype\microtype
.sty"
Package: microtype 2019/11/18 v2.7d Micro-typographical refinements (RS)
\MT@toks=\toks23
\MT@count=\count196
LaTeX Info: Redefining \textls on input line 790.
\MT@outer@kern=\dimen163
LaTeX Info: Redefining \textmicrotypecontext on input line 1354.
\MT@listname@count=\count197

("C:\Users\Marc\AppData\Local\Programs\MiKTeX 2.9\tex/latex/microtype\microtype
-pdftex.def"
File: microtype-pdftex.def 2019/11/18 v2.7d Definitions specific to pdftex (RS)

LaTeX Info: Redefining \lsstyle on input line 914.
LaTeX Info: Redefining \lslig on input line 914.
\MT@outer@space=\skip56
)
Package microtype Info: Loading configuration file microtype.cfg.

("C:\Users\Marc\AppData\Local\Programs\MiKTeX 2.9\tex/latex/microtype\microtype
.cfg"
File: microtype.cfg 2019/11/18 v2.7d microtype main configuration file (RS)
))
("C:\Users\Marc\AppData\Local\Programs\MiKTeX 2.9\tex/latex/graphics\graphicx.s
ty"
Package: graphicx 2019/11/30 v1.2a Enhanced LaTeX Graphics (DPC,SPQR)

("C:\Users\Marc\AppData\Local\Programs\MiKTeX 2.9\tex/latex/graphics\graphics.s
ty"
Package: graphics 2019/11/30 v1.4a Standard LaTeX Graphics (DPC,SPQR)

("C:\Users\Marc\AppData\Local\Programs\MiKTeX 2.9\tex/latex/graphics\trig.sty"
Package: trig 2016/01/03 v1.10 sin cos tan (DPC)
)
("C:\Users\Marc\AppData\Local\Programs\MiKTeX 2.9\tex/latex/graphics-cfg\graphi
cs.cfg"
File: graphics.cfg 2016/06/04 v1.11 sample graphics configuration
)
Package graphics Info: Driver file: pdftex.def on input line 105.

("C:\Users\Marc\AppData\Local\Programs\MiKTeX 2.9\tex/latex/graphics-def\pdftex
.def"
File: pdftex.def 2018/01/08 v1.0l Graphics/color driver for pdftex
))
\Gin@req@height=\dimen164
\Gin@req@width=\dimen165
)
("C:\Users\Marc\AppData\Local\Programs\MiKTeX 2.9\tex/latex/hyperref\hyperref.s
ty"
Package: hyperref 2020/01/14 v7.00d Hypertext links for LaTeX

("C:\Users\Marc\AppData\Local\Programs\MiKTeX 2.9\tex/generic/ltxcmds\ltxcmds.s
ty"
Package: ltxcmds 2019/12/15 v1.24 LaTeX kernel commands for general use (HO)
)
("C:\Users\Marc\AppData\Local\Programs\MiKTeX 2.9\tex/latex/pdftexcmds\pdftexcm
ds.sty"
Package: pdftexcmds 2019/11/24 v0.31 Utility functions of pdfTeX for LuaTeX (HO
)

("C:\Users\Marc\AppData\Local\Programs\MiKTeX 2.9\tex/generic/infwarerr\infware
rr.sty"
Package: infwarerr 2019/12/03 v1.5 Providing info/warning/error messages (HO)
)
Package pdftexcmds Info: \pdf@primitive is available.
Package pdftexcmds Info: \pdf@ifprimitive is available.
Package pdftexcmds Info: \pdfdraftmode found.
)
("C:\Users\Marc\AppData\Local\Programs\MiKTeX 2.9\tex/generic/kvsetkeys\kvsetke
ys.sty"
Package: kvsetkeys 2019/12/15 v1.18 Key value parser (HO)
)
("C:\Users\Marc\AppData\Local\Programs\MiKTeX 2.9\tex/generic/kvdefinekeys\kvde
finekeys.sty"
Package: kvdefinekeys 2019-12-19 v1.6 Define keys (HO)
)
("C:\Users\Marc\AppData\Local\Programs\MiKTeX 2.9\tex/generic/pdfescape\pdfesca
pe.sty"
Package: pdfescape 2019/12/09 v1.15 Implements pdfTeX's escape features (HO)
)
("C:\Users\Marc\AppData\Local\Programs\MiKTeX 2.9\tex/latex/hycolor\hycolor.sty
"
Package: hycolor 2020-01-27 v1.10 Color options for hyperref/bookmark (HO)
)
("C:\Users\Marc\AppData\Local\Programs\MiKTeX 2.9\tex/latex/letltxmacro\letltxm
acro.sty"
Package: letltxmacro 2019/12/03 v1.6 Let assignment for LaTeX macros (HO)
)
("C:\Users\Marc\AppData\Local\Programs\MiKTeX 2.9\tex/latex/auxhook\auxhook.sty
"
Package: auxhook 2019-12-17 v1.6 Hooks for auxiliary files (HO)
)
("C:\Users\Marc\AppData\Local\Programs\MiKTeX 2.9\tex/latex/kvoptions\kvoptions
.sty"
Package: kvoptions 2019/11/29 v3.13 Key value format for package options (HO)
)
\@linkdim=\dimen166
\Hy@linkcounter=\count198
\Hy@pagecounter=\count199

("C:\Users\Marc\AppData\Local\Programs\MiKTeX 2.9\tex/latex/hyperref\pd1enc.def
"
File: pd1enc.def 2020/01/14 v7.00d Hyperref: PDFDocEncoding definition (HO)
Now handling font encoding PD1 ...
... no UTF-8 mapping file for font encoding PD1
)
("C:\Users\Marc\AppData\Local\Programs\MiKTeX 2.9\tex/generic/intcalc\intcalc.s
ty"
Package: intcalc 2019/12/15 v1.3 Expandable calculations with integers (HO)
)
("C:\Users\Marc\AppData\Local\Programs\MiKTeX 2.9\tex/generic/etexcmds\etexcmds
.sty"
Package: etexcmds 2019/12/15 v1.7 Avoid name clashes with e-TeX commands (HO)
)
\Hy@SavedSpaceFactor=\count266
Package hyperref Info: Option `unicode' set `true' on input line 4421.

("C:\Users\Marc\AppData\Local\Programs\MiKTeX 2.9\tex/latex/hyperref\puenc.def"
File: puenc.def 2020/01/14 v7.00d Hyperref: PDF Unicode definition (HO)
Now handling font encoding PU ...
... no UTF-8 mapping file for font encoding PU
)
Package hyperref Info: Hyper figures OFF on input line 4547.
Package hyperref Info: Link nesting OFF on input line 4552.
Package hyperref Info: Hyper index ON on input line 4555.
Package hyperref Info: Plain pages OFF on input line 4562.
Package hyperref Info: Backreferencing OFF on input line 4567.
Package hyperref Info: Implicit mode ON; LaTeX internals redefined.
Package hyperref Info: Bookmarks ON on input line 4800.
\c@Hy@tempcnt=\count267
 ("C:\Users\Marc\AppData\Local\Programs\MiKTeX 2.9\tex/latex/url\url.sty"
\Urlmuskip=\muskip17
Package: url 2013/09/16  ver 3.4  Verb mode for urls, etc.
)
LaTeX Info: Redefining \url on input line 5159.
\XeTeXLinkMargin=\dimen167

("C:\Users\Marc\AppData\Local\Programs\MiKTeX 2.9\tex/generic/bitset\bitset.sty
"
Package: bitset 2019/12/09 v1.3 Handle bit-vector datatype (HO)

("C:\Users\Marc\AppData\Local\Programs\MiKTeX 2.9\tex/generic/bigintcalc\bigint
calc.sty"
Package: bigintcalc 2019/12/15 v1.5 Expandable calculations on big integers (HO
)
))
\Fld@menulength=\count268
\Field@Width=\dimen168
\Fld@charsize=\dimen169
Package hyperref Info: Hyper figures OFF on input line 6430.
Package hyperref Info: Link nesting OFF on input line 6435.
Package hyperref Info: Hyper index ON on input line 6438.
Package hyperref Info: backreferencing OFF on input line 6445.
Package hyperref Info: Link coloring OFF on input line 6450.
Package hyperref Info: Link coloring with OCG OFF on input line 6455.
Package hyperref Info: PDF/A mode OFF on input line 6460.
LaTeX Info: Redefining \ref on input line 6500.
LaTeX Info: Redefining \pageref on input line 6504.

("C:\Users\Marc\AppData\Local\Programs\MiKTeX 2.9\tex/generic/atbegshi\atbegshi
.sty"
Package: atbegshi 2019/12/05 v1.19 At begin shipout hook (HO)
)
\Hy@abspage=\count269
\c@Item=\count270
\c@Hfootnote=\count271
)
Package hyperref Info: Driver (autodetected): hpdftex.

("C:\Users\Marc\AppData\Local\Programs\MiKTeX 2.9\tex/latex/hyperref\hpdftex.de
f"
File: hpdftex.def 2020/01/14 v7.00d Hyperref driver for pdfTeX

("C:\Users\Marc\AppData\Local\Programs\MiKTeX 2.9\tex/latex/atveryend\atveryend
.sty"
Package: atveryend 2019-12-11 v1.11 Hooks at the very end of document (HO)
Package atveryend Info: \enddocument detected (standard20110627).
)
\Fld@listcount=\count272
\c@bookmark@seq@number=\count273

("C:\Users\Marc\AppData\Local\Programs\MiKTeX 2.9\tex/latex/rerunfilecheck\reru
nfilecheck.sty"
Package: rerunfilecheck 2019/12/05 v1.9 Rerun checks for auxiliary files (HO)

("C:\Users\Marc\AppData\Local\Programs\MiKTeX 2.9\tex/generic/uniquecounter\uni
quecounter.sty"
Package: uniquecounter 2019/12/15 v1.4 Provide unlimited unique counter (HO)
)
Package uniquecounter Info: New unique counter `rerunfilecheck' on input line 2
86.
)
\Hy@SectionHShift=\skip57
)
("C:\Users\Marc\AppData\Local\Programs\MiKTeX 2.9\tex/latex/pgf/frontendlayer\t
ikz.sty"
("C:\Users\Marc\AppData\Local\Programs\MiKTeX 2.9\tex/latex/pgf/basiclayer\pgf.
sty"
("C:\Users\Marc\AppData\Local\Programs\MiKTeX 2.9\tex/latex/pgf/utilities\pgfrc
s.sty"
("C:\Users\Marc\AppData\Local\Programs\MiKTeX 2.9\tex/generic/pgf/utilities\pgf
util-common.tex"
\pgfutil@everybye=\toks24
\pgfutil@tempdima=\dimen170
\pgfutil@tempdimb=\dimen171

("C:\Users\Marc\AppData\Local\Programs\MiKTeX 2.9\tex/generic/pgf/utilities\pgf
util-common-lists.tex"))
("C:\Users\Marc\AppData\Local\Programs\MiKTeX 2.9\tex/generic/pgf/utilities\pgf
util-latex.def"
\pgfutil@abb=\box48

("C:\Users\Marc\AppData\Local\Programs\MiKTeX 2.9\tex/latex/ms\everyshi.sty"
Package: everyshi 2001/05/15 v3.00 EveryShipout Package (MS)
))
("C:\Users\Marc\AppData\Local\Programs\MiKTeX 2.9\tex/generic/pgf/utilities\pgf
rcs.code.tex"
("C:\Users\Marc\AppData\Local\Programs\MiKTeX 2.9\tex/generic/pgf\pgf.revision.
tex")
Package: pgfrcs 2020/01/08 v3.1.5b (3.1.5b)
))
Package: pgf 2020/01/08 v3.1.5b (3.1.5b)

("C:\Users\Marc\AppData\Local\Programs\MiKTeX 2.9\tex/latex/pgf/basiclayer\pgfc
ore.sty"
("C:\Users\Marc\AppData\Local\Programs\MiKTeX 2.9\tex/latex/pgf/systemlayer\pgf
sys.sty"
("C:\Users\Marc\AppData\Local\Programs\MiKTeX 2.9\tex/generic/pgf/systemlayer\p
gfsys.code.tex"
Package: pgfsys 2020/01/08 v3.1.5b (3.1.5b)

("C:\Users\Marc\AppData\Local\Programs\MiKTeX 2.9\tex/generic/pgf/utilities\pgf
keys.code.tex"
\pgfkeys@pathtoks=\toks25
\pgfkeys@temptoks=\toks26

("C:\Users\Marc\AppData\Local\Programs\MiKTeX 2.9\tex/generic/pgf/utilities\pgf
keysfiltered.code.tex"
\pgfkeys@tmptoks=\toks27
))
\pgf@x=\dimen172
\pgf@y=\dimen173
\pgf@xa=\dimen174
\pgf@ya=\dimen175
\pgf@xb=\dimen176
\pgf@yb=\dimen177
\pgf@xc=\dimen178
\pgf@yc=\dimen179
\pgf@xd=\dimen180
\pgf@yd=\dimen181
\w@pgf@writea=\write3
\r@pgf@reada=\read3
\c@pgf@counta=\count274
\c@pgf@countb=\count275
\c@pgf@countc=\count276
\c@pgf@countd=\count277
\t@pgf@toka=\toks28
\t@pgf@tokb=\toks29
\t@pgf@tokc=\toks30
\pgf@sys@id@count=\count278

("C:\Users\Marc\AppData\Local\Programs\MiKTeX 2.9\tex/generic/pgf/systemlayer\p
gf.cfg"
File: pgf.cfg 2020/01/08 v3.1.5b (3.1.5b)
)
Driver file for pgf: pgfsys-pdftex.def

("C:\Users\Marc\AppData\Local\Programs\MiKTeX 2.9\tex/generic/pgf/systemlayer\p
gfsys-pdftex.def"
File: pgfsys-pdftex.def 2020/01/08 v3.1.5b (3.1.5b)

("C:\Users\Marc\AppData\Local\Programs\MiKTeX 2.9\tex/generic/pgf/systemlayer\p
gfsys-common-pdf.def"
File: pgfsys-common-pdf.def 2020/01/08 v3.1.5b (3.1.5b)
)))
("C:\Users\Marc\AppData\Local\Programs\MiKTeX 2.9\tex/generic/pgf/systemlayer\p
gfsyssoftpath.code.tex"
File: pgfsyssoftpath.code.tex 2020/01/08 v3.1.5b (3.1.5b)
\pgfsyssoftpath@smallbuffer@items=\count279
\pgfsyssoftpath@bigbuffer@items=\count280
)
("C:\Users\Marc\AppData\Local\Programs\MiKTeX 2.9\tex/generic/pgf/systemlayer\p
gfsysprotocol.code.tex"
File: pgfsysprotocol.code.tex 2020/01/08 v3.1.5b (3.1.5b)
))
("C:\Users\Marc\AppData\Local\Programs\MiKTeX 2.9\tex/latex/xcolor\xcolor.sty"
Package: xcolor 2016/05/11 v2.12 LaTeX color extensions (UK)

("C:\Users\Marc\AppData\Local\Programs\MiKTeX 2.9\tex/latex/graphics-cfg\color.
cfg"
File: color.cfg 2016/01/02 v1.6 sample color configuration
)
Package xcolor Info: Driver file: pdftex.def on input line 225.
Package xcolor Info: Model `cmy' substituted by `cmy0' on input line 1348.
Package xcolor Info: Model `hsb' substituted by `rgb' on input line 1352.
Package xcolor Info: Model `RGB' extended on input line 1364.
Package xcolor Info: Model `HTML' substituted by `rgb' on input line 1366.
Package xcolor Info: Model `Hsb' substituted by `hsb' on input line 1367.
Package xcolor Info: Model `tHsb' substituted by `hsb' on input line 1368.
Package xcolor Info: Model `HSB' substituted by `hsb' on input line 1369.
Package xcolor Info: Model `Gray' substituted by `gray' on input line 1370.
Package xcolor Info: Model `wave' substituted by `hsb' on input line 1371.
)
("C:\Users\Marc\AppData\Local\Programs\MiKTeX 2.9\tex/generic/pgf/basiclayer\pg
fcore.code.tex"
Package: pgfcore 2020/01/08 v3.1.5b (3.1.5b)

("C:\Users\Marc\AppData\Local\Programs\MiKTeX 2.9\tex/generic/pgf/math\pgfmath.
code.tex"
("C:\Users\Marc\AppData\Local\Programs\MiKTeX 2.9\tex/generic/pgf/math\pgfmathc
alc.code.tex"
("C:\Users\Marc\AppData\Local\Programs\MiKTeX 2.9\tex/generic/pgf/math\pgfmathu
til.code.tex")
("C:\Users\Marc\AppData\Local\Programs\MiKTeX 2.9\tex/generic/pgf/math\pgfmathp
arser.code.tex"
\pgfmath@dimen=\dimen182
\pgfmath@count=\count281
\pgfmath@box=\box49
\pgfmath@toks=\toks31
\pgfmath@stack@operand=\toks32
\pgfmath@stack@operation=\toks33
)
("C:\Users\Marc\AppData\Local\Programs\MiKTeX 2.9\tex/generic/pgf/math\pgfmathf
unctions.code.tex"
("C:\Users\Marc\AppData\Local\Programs\MiKTeX 2.9\tex/generic/pgf/math\pgfmathf
unctions.basic.code.tex")
("C:\Users\Marc\AppData\Local\Programs\MiKTeX 2.9\tex/generic/pgf/math\pgfmathf
unctions.trigonometric.code.tex")
("C:\Users\Marc\AppData\Local\Programs\MiKTeX 2.9\tex/generic/pgf/math\pgfmathf
unctions.random.code.tex")
("C:\Users\Marc\AppData\Local\Programs\MiKTeX 2.9\tex/generic/pgf/math\pgfmathf
unctions.comparison.code.tex")
("C:\Users\Marc\AppData\Local\Programs\MiKTeX 2.9\tex/generic/pgf/math\pgfmathf
unctions.base.code.tex")
("C:\Users\Marc\AppData\Local\Programs\MiKTeX 2.9\tex/generic/pgf/math\pgfmathf
unctions.round.code.tex")
("C:\Users\Marc\AppData\Local\Programs\MiKTeX 2.9\tex/generic/pgf/math\pgfmathf
unctions.misc.code.tex")
("C:\Users\Marc\AppData\Local\Programs\MiKTeX 2.9\tex/generic/pgf/math\pgfmathf
unctions.integerarithmetics.code.tex")))
("C:\Users\Marc\AppData\Local\Programs\MiKTeX 2.9\tex/generic/pgf/math\pgfmathf
loat.code.tex"
\c@pgfmathroundto@lastzeros=\count282
))
("C:\Users\Marc\AppData\Local\Programs\MiKTeX 2.9\tex/generic/pgf/math\pgfint.c
ode.tex")
("C:\Users\Marc\AppData\Local\Programs\MiKTeX 2.9\tex/generic/pgf/basiclayer\pg
fcorepoints.code.tex"
File: pgfcorepoints.code.tex 2020/01/08 v3.1.5b (3.1.5b)
\pgf@picminx=\dimen183
\pgf@picmaxx=\dimen184
\pgf@picminy=\dimen185
\pgf@picmaxy=\dimen186
\pgf@pathminx=\dimen187
\pgf@pathmaxx=\dimen188
\pgf@pathminy=\dimen189
\pgf@pathmaxy=\dimen190
\pgf@xx=\dimen191
\pgf@xy=\dimen192
\pgf@yx=\dimen193
\pgf@yy=\dimen194
\pgf@zx=\dimen195
\pgf@zy=\dimen196
)
("C:\Users\Marc\AppData\Local\Programs\MiKTeX 2.9\tex/generic/pgf/basiclayer\pg
fcorepathconstruct.code.tex"
File: pgfcorepathconstruct.code.tex 2020/01/08 v3.1.5b (3.1.5b)
\pgf@path@lastx=\dimen197
\pgf@path@lasty=\dimen198
)
("C:\Users\Marc\AppData\Local\Programs\MiKTeX 2.9\tex/generic/pgf/basiclayer\pg
fcorepathusage.code.tex"
File: pgfcorepathusage.code.tex 2020/01/08 v3.1.5b (3.1.5b)
\pgf@shorten@end@additional=\dimen199
\pgf@shorten@start@additional=\dimen256
)
("C:\Users\Marc\AppData\Local\Programs\MiKTeX 2.9\tex/generic/pgf/basiclayer\pg
fcorescopes.code.tex"
File: pgfcorescopes.code.tex 2020/01/08 v3.1.5b (3.1.5b)
\pgfpic=\box50
\pgf@hbox=\box51
\pgf@layerbox@main=\box52
\pgf@picture@serial@count=\count283
)
("C:\Users\Marc\AppData\Local\Programs\MiKTeX 2.9\tex/generic/pgf/basiclayer\pg
fcoregraphicstate.code.tex"
File: pgfcoregraphicstate.code.tex 2020/01/08 v3.1.5b (3.1.5b)
\pgflinewidth=\dimen257
)
("C:\Users\Marc\AppData\Local\Programs\MiKTeX 2.9\tex/generic/pgf/basiclayer\pg
fcoretransformations.code.tex"
File: pgfcoretransformations.code.tex 2020/01/08 v3.1.5b (3.1.5b)
\pgf@pt@x=\dimen258
\pgf@pt@y=\dimen259
\pgf@pt@temp=\dimen260
)
("C:\Users\Marc\AppData\Local\Programs\MiKTeX 2.9\tex/generic/pgf/basiclayer\pg
fcorequick.code.tex"
File: pgfcorequick.code.tex 2020/01/08 v3.1.5b (3.1.5b)
)
("C:\Users\Marc\AppData\Local\Programs\MiKTeX 2.9\tex/generic/pgf/basiclayer\pg
fcoreobjects.code.tex"
File: pgfcoreobjects.code.tex 2020/01/08 v3.1.5b (3.1.5b)
)
("C:\Users\Marc\AppData\Local\Programs\MiKTeX 2.9\tex/generic/pgf/basiclayer\pg
fcorepathprocessing.code.tex"
File: pgfcorepathprocessing.code.tex 2020/01/08 v3.1.5b (3.1.5b)
)
("C:\Users\Marc\AppData\Local\Programs\MiKTeX 2.9\tex/generic/pgf/basiclayer\pg
fcorearrows.code.tex"
File: pgfcorearrows.code.tex 2020/01/08 v3.1.5b (3.1.5b)
\pgfarrowsep=\dimen261
)
("C:\Users\Marc\AppData\Local\Programs\MiKTeX 2.9\tex/generic/pgf/basiclayer\pg
fcoreshade.code.tex"
File: pgfcoreshade.code.tex 2020/01/08 v3.1.5b (3.1.5b)
\pgf@max=\dimen262
\pgf@sys@shading@range@num=\count284
\pgf@shadingcount=\count285
)
("C:\Users\Marc\AppData\Local\Programs\MiKTeX 2.9\tex/generic/pgf/basiclayer\pg
fcoreimage.code.tex"
File: pgfcoreimage.code.tex 2020/01/08 v3.1.5b (3.1.5b)

("C:\Users\Marc\AppData\Local\Programs\MiKTeX 2.9\tex/generic/pgf/basiclayer\pg
fcoreexternal.code.tex"
File: pgfcoreexternal.code.tex 2020/01/08 v3.1.5b (3.1.5b)
\pgfexternal@startupbox=\box53
))
("C:\Users\Marc\AppData\Local\Programs\MiKTeX 2.9\tex/generic/pgf/basiclayer\pg
fcorelayers.code.tex"
File: pgfcorelayers.code.tex 2020/01/08 v3.1.5b (3.1.5b)
)
("C:\Users\Marc\AppData\Local\Programs\MiKTeX 2.9\tex/generic/pgf/basiclayer\pg
fcoretransparency.code.tex"
File: pgfcoretransparency.code.tex 2020/01/08 v3.1.5b (3.1.5b)
)
("C:\Users\Marc\AppData\Local\Programs\MiKTeX 2.9\tex/generic/pgf/basiclayer\pg
fcorepatterns.code.tex"
File: pgfcorepatterns.code.tex 2020/01/08 v3.1.5b (3.1.5b)
)
("C:\Users\Marc\AppData\Local\Programs\MiKTeX 2.9\tex/generic/pgf/basiclayer\pg
fcorerdf.code.tex"
File: pgfcorerdf.code.tex 2020/01/08 v3.1.5b (3.1.5b)
)))
("C:\Users\Marc\AppData\Local\Programs\MiKTeX 2.9\tex/generic/pgf/modules\pgfmo
duleshapes.code.tex"
File: pgfmoduleshapes.code.tex 2020/01/08 v3.1.5b (3.1.5b)
\pgfnodeparttextbox=\box54
)
("C:\Users\Marc\AppData\Local\Programs\MiKTeX 2.9\tex/generic/pgf/modules\pgfmo
duleplot.code.tex"
File: pgfmoduleplot.code.tex 2020/01/08 v3.1.5b (3.1.5b)
)
("C:\Users\Marc\AppData\Local\Programs\MiKTeX 2.9\tex/latex/pgf/compatibility\p
gfcomp-version-0-65.sty"
Package: pgfcomp-version-0-65 2020/01/08 v3.1.5b (3.1.5b)
\pgf@nodesepstart=\dimen263
\pgf@nodesepend=\dimen264
)
("C:\Users\Marc\AppData\Local\Programs\MiKTeX 2.9\tex/latex/pgf/compatibility\p
gfcomp-version-1-18.sty"
Package: pgfcomp-version-1-18 2020/01/08 v3.1.5b (3.1.5b)
))
("C:\Users\Marc\AppData\Local\Programs\MiKTeX 2.9\tex/latex/pgf/utilities\pgffo
r.sty"
("C:\Users\Marc\AppData\Local\Programs\MiKTeX 2.9\tex/latex/pgf/utilities\pgfke
ys.sty"
("C:\Users\Marc\AppData\Local\Programs\MiKTeX 2.9\tex/generic/pgf/utilities\pgf
keys.code.tex"))
("C:\Users\Marc\AppData\Local\Programs\MiKTeX 2.9\tex/latex/pgf/math\pgfmath.st
y"
("C:\Users\Marc\AppData\Local\Programs\MiKTeX 2.9\tex/generic/pgf/math\pgfmath.
code.tex"))
("C:\Users\Marc\AppData\Local\Programs\MiKTeX 2.9\tex/generic/pgf/utilities\pgf
for.code.tex"
Package: pgffor 2020/01/08 v3.1.5b (3.1.5b)

("C:\Users\Marc\AppData\Local\Programs\MiKTeX 2.9\tex/generic/pgf/math\pgfmath.
code.tex")
\pgffor@iter=\dimen265
\pgffor@skip=\dimen266
\pgffor@stack=\toks34
\pgffor@toks=\toks35
))
("C:\Users\Marc\AppData\Local\Programs\MiKTeX 2.9\tex/generic/pgf/frontendlayer
/tikz\tikz.code.tex"
Package: tikz 2020/01/08 v3.1.5b (3.1.5b)

("C:\Users\Marc\AppData\Local\Programs\MiKTeX 2.9\tex/generic/pgf/libraries\pgf
libraryplothandlers.code.tex"
File: pgflibraryplothandlers.code.tex 2020/01/08 v3.1.5b (3.1.5b)
\pgf@plot@mark@count=\count286
\pgfplotmarksize=\dimen267
)
\tikz@lastx=\dimen268
\tikz@lasty=\dimen269
\tikz@lastxsaved=\dimen270
\tikz@lastysaved=\dimen271
\tikz@lastmovetox=\dimen272
\tikz@lastmovetoy=\dimen273
\tikzleveldistance=\dimen274
\tikzsiblingdistance=\dimen275
\tikz@figbox=\box55
\tikz@figbox@bg=\box56
\tikz@tempbox=\box57
\tikz@tempbox@bg=\box58
\tikztreelevel=\count287
\tikznumberofchildren=\count288
\tikznumberofcurrentchild=\count289
\tikz@fig@count=\count290

("C:\Users\Marc\AppData\Local\Programs\MiKTeX 2.9\tex/generic/pgf/modules\pgfmo
dulematrix.code.tex"
File: pgfmodulematrix.code.tex 2020/01/08 v3.1.5b (3.1.5b)
\pgfmatrixcurrentrow=\count291
\pgfmatrixcurrentcolumn=\count292
\pgf@matrix@numberofcolumns=\count293
)
\tikz@expandcount=\count294

("C:\Users\Marc\AppData\Local\Programs\MiKTeX 2.9\tex/generic/pgf/frontendlayer
/tikz/libraries\tikzlibrarytopaths.code.tex"
File: tikzlibrarytopaths.code.tex 2020/01/08 v3.1.5b (3.1.5b)
)))
("C:\Users\Marc\AppData\Local\Programs\MiKTeX 2.9\tex/generic/pgf/frontendlayer
/tikz/libraries\tikzlibraryarrows.code.tex"
File: tikzlibraryarrows.code.tex 2020/01/08 v3.1.5b (3.1.5b)

("C:\Users\Marc\AppData\Local\Programs\MiKTeX 2.9\tex/generic/pgf/libraries\pgf
libraryarrows.code.tex"
File: pgflibraryarrows.code.tex 2020/01/08 v3.1.5b (3.1.5b)
\arrowsize=\dimen276
))
("C:\Users\Marc\AppData\Local\Programs\MiKTeX 2.9\tex/generic/pgf/frontendlayer
/tikz/libraries\tikzlibrarycalc.code.tex"
File: tikzlibrarycalc.code.tex 2020/01/08 v3.1.5b (3.1.5b)
)
("C:\Users\Marc\AppData\Local\Programs\MiKTeX 2.9\tex/latex/l3backend\l3backend
-pdfmode.def"
File: l3backend-pdfmode.def 2020-02-23 L3 backend support: PDF mode
\l__kernel_color_stack_int=\count295
\l__pdf_internal_box=\box59
)
No file template-SS21.aux.
\openout1 = `template-SS21.aux'.

LaTeX Font Info:    Checking defaults for OML/cmm/m/it on input line 98.
LaTeX Font Info:    ... okay on input line 98.
LaTeX Font Info:    Checking defaults for OMS/cmsy/m/n on input line 98.
LaTeX Font Info:    ... okay on input line 98.
LaTeX Font Info:    Checking defaults for OT1/cmr/m/n on input line 98.
LaTeX Font Info:    ... okay on input line 98.
LaTeX Font Info:    Checking defaults for T1/cmr/m/n on input line 98.
LaTeX Font Info:    ... okay on input line 98.
LaTeX Font Info:    Checking defaults for TS1/cmr/m/n on input line 98.
LaTeX Font Info:    ... okay on input line 98.
LaTeX Font Info:    Checking defaults for OMX/cmex/m/n on input line 98.
LaTeX Font Info:    ... okay on input line 98.
LaTeX Font Info:    Checking defaults for U/cmr/m/n on input line 98.
LaTeX Font Info:    ... okay on input line 98.
LaTeX Font Info:    Checking defaults for PD1/pdf/m/n on input line 98.
LaTeX Font Info:    ... okay on input line 98.
LaTeX Font Info:    Checking defaults for PU/pdf/m/n on input line 98.
LaTeX Font Info:    ... okay on input line 98.
LaTeX Font Info:    Trying to load font information for T1+lmr on input line 98
.
("C:\Users\Marc\AppData\Local\Programs\MiKTeX 2.9\tex/latex/lm\t1lmr.fd"
File: t1lmr.fd 2009/10/30 v1.6 Font defs for Latin Modern
)
*geometry* driver: auto-detecting
*geometry* detected driver: pdftex
*geometry* verbose mode - [ preamble ] result:
* driver: pdftex
* paper: a4paper
* layout: <same size as paper>
* layoutoffset:(h,v)=(0.0pt,0.0pt)
* modes: 
* h-part:(L,W,R)=(85.35826pt, 426.79135pt, 85.35826pt)
* v-part:(T,H,B)=(56.9055pt, 702.78308pt, 85.35826pt)
* \paperwidth=597.50787pt
* \paperheight=845.04684pt
* \textwidth=426.79135pt
* \textheight=702.78308pt
* \oddsidemargin=13.08827pt
* \evensidemargin=13.08827pt
* \topmargin=-52.36449pt
* \headheight=12.0pt
* \headsep=25.0pt
* \topskip=11.0pt
* \footskip=30.0pt
* \marginparwidth=50.0pt
* \marginparsep=10.0pt
* \columnsep=10.0pt
* \skip\footins=10.0pt plus 4.0pt minus 2.0pt
* \hoffset=0.0pt
* \voffset=0.0pt
* \mag=1000
* \@twocolumnfalse
* \@twosidefalse
* \@mparswitchfalse
* \@reversemarginfalse
* (1in=72.27pt=25.4mm, 1cm=28.453pt)

LaTeX Info: Redefining \microtypecontext on input line 98.
Package microtype Info: Generating PDF output.
Package microtype Info: Character protrusion enabled (level 2).
Package microtype Info: Using default protrusion set `alltext'.
Package microtype Info: Automatic font expansion enabled (level 2),
(microtype)             stretch: 20, shrink: 20, step: 1, non-selected.
Package microtype Info: Using default expansion set `basictext'.
LaTeX Info: Redefining \showhyphens on input line 98.
Package microtype Info: No adjustment of tracking.
Package microtype Info: No adjustment of interword spacing.
Package microtype Info: No adjustment of character kerning.

("C:\Users\Marc\AppData\Local\Programs\MiKTeX 2.9\tex/latex/microtype\mt-cmr.cf
g"
File: mt-cmr.cfg 2013/05/19 v2.2 microtype config. file: Computer Modern Roman 
(RS)
)
("C:\Users\Marc\AppData\Local\Programs\MiKTeX 2.9\tex/context/base/mkii\supp-pd
f.mkii"
[Loading MPS to PDF converter (version 2006.09.02).]
\scratchcounter=\count296
\scratchdimen=\dimen277
\scratchbox=\box60
\nofMPsegments=\count297
\nofMParguments=\count298
\everyMPshowfont=\toks36
\MPscratchCnt=\count299
\MPscratchDim=\dimen278
\MPnumerator=\count300
\makeMPintoPDFobject=\count301
\everyMPtoPDFconversion=\toks37
)
("C:\Users\Marc\AppData\Local\Programs\MiKTeX 2.9\tex/latex/epstopdf-pkg\epstop
df-base.sty"
Package: epstopdf-base 2020-01-24 v2.11 Base part for package epstopdf
Package epstopdf-base Info: Redefining graphics rule for `.eps' on input line 4
85.
)
\AtBeginShipoutBox=\box61
Package hyperref Info: Link coloring OFF on input line 98.

("C:\Users\Marc\AppData\Local\Programs\MiKTeX 2.9\tex/latex/hyperref\nameref.st
y"
Package: nameref 2019/09/16 v2.46 Cross-referencing by name of section

("C:\Users\Marc\AppData\Local\Programs\MiKTeX 2.9\tex/latex/refcount\refcount.s
ty"
Package: refcount 2019/12/15 v3.6 Data extraction from label references (HO)
)
("C:\Users\Marc\AppData\Local\Programs\MiKTeX 2.9\tex/generic/gettitlestring\ge
ttitlestring.sty"
Package: gettitlestring 2019/12/15 v1.6 Cleanup title references (HO)
)
\c@section@level=\count302
)
LaTeX Info: Redefining \ref on input line 98.
LaTeX Info: Redefining \pageref on input line 98.
LaTeX Info: Redefining \nameref on input line 98.
\@outlinefile=\write4
\openout4 = `template-SS21.out'.

 ABD: EveryShipout initializing macros
LaTeX Font Info:    Trying to load font information for U+pzd on input line 103
.

("C:\Users\Marc\AppData\Local\Programs\MiKTeX 2.9\tex/latex/psnfss\upzd.fd"
File: upzd.fd 2001/06/04 font definitions for U/pzd.
){C:/Users/Marc/AppData/Local/MiKTeX/2.9/pdftex/config/pdftex.map}
LaTeX Font Info:    Trying to load font information for T1+lmss on input line 1
03.

("C:\Users\Marc\AppData\Local\Programs\MiKTeX 2.9\tex/latex/lm\t1lmss.fd"
File: t1lmss.fd 2009/10/30 v1.6 Font defs for Latin Modern
)
Package microtype Info: Loading generic protrusion settings for font family
(microtype)             `lmss' (encoding: T1).
(microtype)             For optimal results, create family-specific settings.
(microtype)             See the microtype manual for details.
LaTeX Font Info:    Trying to load font information for OT1+lmr on input line 1
03.

("C:\Users\Marc\AppData\Local\Programs\MiKTeX 2.9\tex/latex/lm\ot1lmr.fd"
File: ot1lmr.fd 2009/10/30 v1.6 Font defs for Latin Modern
)
LaTeX Font Info:    Trying to load font information for OML+lmm on input line 1
03.

("C:\Users\Marc\AppData\Local\Programs\MiKTeX 2.9\tex/latex/lm\omllmm.fd"
File: omllmm.fd 2009/10/30 v1.6 Font defs for Latin Modern
)
LaTeX Font Info:    Trying to load font information for OMS+lmsy on input line 
103.

("C:\Users\Marc\AppData\Local\Programs\MiKTeX 2.9\tex/latex/lm\omslmsy.fd"
File: omslmsy.fd 2009/10/30 v1.6 Font defs for Latin Modern
)
LaTeX Font Info:    Trying to load font information for OMX+lmex on input line 
103.

("C:\Users\Marc\AppData\Local\Programs\MiKTeX 2.9\tex/latex/lm\omxlmex.fd"
File: omxlmex.fd 2009/10/30 v1.6 Font defs for Latin Modern
)
LaTeX Font Info:    External font `lmex10' loaded for size
(Font)              <10.95> on input line 103.
LaTeX Font Info:    External font `lmex10' loaded for size
(Font)              <8> on input line 103.
LaTeX Font Info:    External font `lmex10' loaded for size
(Font)              <6> on input line 103.
LaTeX Font Info:    Trying to load font information for U+msa on input line 103
.

("C:\Users\Marc\AppData\Local\Programs\MiKTeX 2.9\tex/latex/amsfonts\umsa.fd"
File: umsa.fd 2013/01/14 v3.01 AMS symbols A
)
("C:\Users\Marc\AppData\Local\Programs\MiKTeX 2.9\tex/latex/microtype\mt-msa.cf
g"
File: mt-msa.cfg 2006/02/04 v1.1 microtype config. file: AMS symbols (a) (RS)
)
LaTeX Font Info:    Trying to load font information for U+msb on input line 103
.
 ("C:\Users\Marc\AppData\Local\Programs\MiKTeX 2.9\tex/latex/amsfonts\umsb.fd"
File: umsb.fd 2013/01/14 v3.01 AMS symbols B
)
("C:\Users\Marc\AppData\Local\Programs\MiKTeX 2.9\tex/latex/microtype\mt-msb.cf
g"
File: mt-msb.cfg 2005/06/01 v1.0 microtype config. file: AMS symbols (b) (RS)
)
LaTeX Font Info:    Trying to load font information for TS1+lmr on input line 1
37.
 ("C:\Users\Marc\AppData\Local\Programs\MiKTeX 2.9\tex/latex/lm\ts1lmr.fd"
File: ts1lmr.fd 2009/10/30 v1.6 Font defs for Latin Modern
)
[1

] [2] [3]
Package atveryend Info: Empty hook `BeforeClearDocument' on input line 220.
Package atveryend Info: Empty hook `AfterLastShipout' on input line 220.
 (template-SS21.aux)
Package atveryend Info: Executing hook `AtVeryEndDocument' on input line 220.
Package atveryend Info: Executing hook `AtEndAfterFileList' on input line 220.


Package rerunfilecheck Warning: File `template-SS21.out' has changed.
(rerunfilecheck)                Rerun to get outlines right
(rerunfilecheck)                or use package `bookmark'.

Package rerunfilecheck Info: Checksums for `template-SS21.out':
(rerunfilecheck)             Before: <no file>
(rerunfilecheck)             After:  D41D8CD98F00B204E9800998ECF8427E;0.
Package atveryend Info: Empty hook `AtVeryVeryEnd' on input line 220.
 ) 
Here is how much of TeX's memory you used:
 23844 strings out of 481314
 434210 string characters out of 2908643
 697598 words of memory out of 3000000
 38827 multiletter control sequences out of 15000+200000
 563251 words of font info for 74 fonts, out of 3000000 for 9000
 1141 hyphenation exceptions out of 8191
 60i,10n,60p,761b,458s stack positions out of 5000i,500n,10000p,200000b,50000s
{C:/Users/Marc/AppData/Local/Programs/MiKTeX 2.9/fonts/enc/dvips/lm/lm-rm.enc
}{C:/Users/Marc/AppData/Local/Programs/MiKTeX 2.9/fonts/enc/dvips/lm/lm-mathit.
enc}{C:/Users/Marc/AppData/Local/Programs/MiKTeX 2.9/fonts/enc/dvips/lm/lm-math
sy.enc}{C:/Users/Marc/AppData/Local/Programs/MiKTeX 2.9/fonts/enc/dvips/lm/lm-m
athex.enc}{C:/Users/Marc/AppData/Local/Programs/MiKTeX 2.9/fonts/enc/dvips/lm/l
m-ts1.enc}{C:/Users/Marc/AppData/Local/Programs/MiKTeX 2.9/fonts/enc/dvips/lm/l
m-ec.enc}<C:/Users/Marc/AppData/Local/Programs/MiKTeX 2.9/fonts/type1/public/lm
/lmbx10.pfb><C:/Users/Marc/AppData/Local/Programs/MiKTeX 2.9/fonts/type1/public
/lm/lmbx12.pfb><C:/Users/Marc/AppData/Local/Programs/MiKTeX 2.9/fonts/type1/pub
lic/lm/lmex10.pfb><C:/Users/Marc/AppData/Local/Programs/MiKTeX 2.9/fonts/type1/
public/lm/lmmi10.pfb><C:/Users/Marc/AppData/Local/Programs/MiKTeX 2.9/fonts/typ
e1/public/lm/lmmi6.pfb><C:/Users/Marc/AppData/Local/Programs/MiKTeX 2.9/fonts/t
ype1/public/lm/lmmi8.pfb><C:/Users/Marc/AppData/Local/Programs/MiKTeX 2.9/fonts
/type1/public/lm/lmr10.pfb><C:/Users/Marc/AppData/Local/Programs/MiKTeX 2.9/fon
ts/type1/public/lm/lmr12.pfb><C:/Users/Marc/AppData/Local/Programs/MiKTeX 2.9/f
onts/type1/public/lm/lmr6.pfb><C:/Users/Marc/AppData/Local/Programs/MiKTeX 2.9/
fonts/type1/public/lm/lmr8.pfb><C:/Users/Marc/AppData/Local/Programs/MiKTeX 2.9
/fonts/type1/public/lm/lmss10.pfb><C:/Users/Marc/AppData/Local/Programs/MiKTeX 
2.9/fonts/type1/public/lm/lmsy10.pfb><C:/Users/Marc/AppData/Local/Programs/MiKT
eX 2.9/fonts/type1/public/lm/lmsy8.pfb><C:/Users/Marc/AppData/Local/Programs/Mi
KTeX 2.9/fonts/type1/urw/zapfding/uzdr.pfb>
Output written on template-SS21.pdf (3 pages, 208762 bytes).
PDF statistics:
 114 PDF objects out of 1000 (max. 8388607)
 16 named destinations out of 1000 (max. 500000)
 9263 words of extra memory for PDF output out of 10000 (max. 10000000)

